{"name": "test_Request_loan", "status": "broken", "statusDetails": {"message": "selenium.common.exceptions.UnexpectedTagNameException: Message: Select only works on <select> elements, not on input", "trace": "browserInstance = <selenium.webdriver.chrome.webdriver.WebDriver (session=\"630cf19a34a17ef2fdfb221ddf3acc87\")>\n\n    @pytest.mark.smoke\n    def test_Request_loan(browserInstance):\n        driver = browserInstance\n        browserInstance.get(\"https://parabank.parasoft.com/parabank/index.htm\")\n        browserInstance.maximize_window()\n    \n        login_user = Login_user(browserInstance)\n        login_user.enter_login_name(user_data[\"user_name_1\"])\n        login_user.enter_login_password(user_data[\"user_confirm_password\"])\n        login_user.click_on_submit_button()\n    \n        loan_request = Request_Loan(browserInstance)\n        loan_request.click_on_request_loan()\n        loan_request.enter_loan_amount(user_data[\"loan_amount\"])\n        loan_request.down_payment(user_data[\"down_payment\"])\n>       loan_request.select_account()\n\nTests\\test_request_loan.py:29: \n_ _ _ _ _ _ _ _ _ _ _ _ _ _ _ _ _ _ _ _ _ _ _ _ _ _ _ _ _ _ _ _ _ _ _ _ _ _ _ _ _ _ _ _ _ _ _ _ _ _ _ _ _ _ _ _ _ _ _ _ _ _ _ _ _ _ _ _ _ _ _ _ _ _ _ _ _ _ _ _ _ _ _ _ _ _ _ _ _ _ _ _ _ _ \nPage_Pom\\request_loan.py:22: in select_account\n    return safe_select(self.driver,Locators.account,SELECTED)\nUtils\\selenium_helpers.py:58: in safe_select\n    select = Select(element)\n_ _ _ _ _ _ _ _ _ _ _ _ _ _ _ _ _ _ _ _ _ _ _ _ _ _ _ _ _ _ _ _ _ _ _ _ _ _ _ _ _ _ _ _ _ _ _ _ _ _ _ _ _ _ _ _ _ _ _ _ _ _ _ _ _ _ _ _ _ _ _ _ _ _ _ _ _ _ _ _ _ _ _ _ _ _ _ _ _ _ _ _ _ _ \n\nself = <selenium.webdriver.support.select.Select object at 0x000001CB5C0BF3E0>\nwebelement = <selenium.webdriver.remote.webelement.WebElement (session=\"630cf19a34a17ef2fdfb221ddf3acc87\", element=\"f.31BC1A82CF2B5C2AF330F809DF1480F1.d.3C44972489AEB4A69DD003356C5D65B8.e.41\")>\n\n    def __init__(self, webelement: WebElement) -> None:\n        \"\"\"Constructor. A check is made that the given element is, indeed, a\n        SELECT tag. If it is not, then an UnexpectedTagNameException is thrown.\n    \n        :Args:\n         - webelement - SELECT element to wrap\n    \n        Example:\n            from selenium.webdriver.support.ui import Select \\n\n            Select(driver.find_element(By.TAG_NAME, \"select\")).select_by_index(2)\n        \"\"\"\n        if webelement.tag_name.lower() != \"select\":\n>           raise UnexpectedTagNameException(f\"Select only works on <select> elements, not on {webelement.tag_name}\")\nE           selenium.common.exceptions.UnexpectedTagNameException: Message: Select only works on <select> elements, not on input\n\n..\\..\\AppData\\Local\\Programs\\Python\\Python312\\Lib\\site-packages\\selenium\\webdriver\\support\\select.py:39: UnexpectedTagNameException"}, "steps": [{"name": "Enter user name:'Sachin121111@' ", "status": "passed", "parameters": [{"name": "user_name_1", "value": "'Sachin121111@'"}], "start": 1758283190268, "stop": 1758283190312}, {"name": "Enter user confirmed password :'Sachin306@' ", "status": "passed", "parameters": [{"name": "user_confirm_password", "value": "'Sachin306@'"}], "start": 1758283190312, "stop": 1758283190352}, {"name": "Click on submit button ", "status": "passed", "start": 1758283190352, "stop": 1758283193006}, {"name": "Click on request loan : ", "status": "passed", "start": 1758283193007, "stop": 1758283223686}, {"name": "Enter the Loan amount: '1000000'", "status": "passed", "parameters": [{"name": "loan_amount", "value": "'1000000'"}], "start": 1758283223686, "stop": 1758283223738}, {"name": "Enter the down_payment :'12'", "status": "passed", "parameters": [{"name": "down_payment", "value": "'12'"}], "start": 1758283223738, "stop": 1758283223782}, {"name": "Select the bank account :", "status": "broken", "statusDetails": {"message": "selenium.common.exceptions.UnexpectedTagNameException: Message: Select only works on <select> elements, not on input\n\n", "trace": "  File \"C:\\Users\\Sachin Kumar Tiwari\\AppData\\Local\\Programs\\Python\\Python312\\Lib\\site-packages\\allure_commons\\_allure.py\", line 202, in impl\n    return func(*a, **kw)\n           ^^^^^^^^^^^^^^\n  File \"C:\\Users\\Sachin Kumar Tiwari\\PycharmProjects\\ParaBank_Testing\\Page_Pom\\request_loan.py\", line 22, in select_account\n    return safe_select(self.driver,Locators.account,SELECTED)\n           ^^^^^^^^^^^^^^^^^^^^^^^^^^^^^^^^^^^^^^^^^^^^^^^^^^\n  File \"C:\\Users\\Sachin Kumar Tiwari\\PycharmProjects\\ParaBank_Testing\\Utils\\selenium_helpers.py\", line 58, in safe_select\n    select = Select(element)\n             ^^^^^^^^^^^^^^^\n  File \"C:\\Users\\Sachin Kumar Tiwari\\AppData\\Local\\Programs\\Python\\Python312\\Lib\\site-packages\\selenium\\webdriver\\support\\select.py\", line 39, in __init__\n    raise UnexpectedTagNameException(f\"Select only works on <select> elements, not on {webelement.tag_name}\")\n"}, "parameters": [{"name": "SELECTED", "value": "None"}], "start": 1758283223782, "stop": 1758283223804}], "attachments": [{"name": "screenshot_on_failure", "source": "a923582c-884b-47dd-8e7f-0a0367778c35-attachment.png", "type": "image/png"}], "start": 1758283185790, "stop": 1758283223810, "uuid": "ae1a5b6d-ccaf-468a-b871-9d75874870ff", "historyId": "f975db163564c410ea4cad5ad412224e", "testCaseId": "f975db163564c410ea4cad5ad412224e", "fullName": "Tests.test_request_loan#test_Request_loan", "labels": [{"name": "tag", "value": "smoke"}, {"name": "parentSuite", "value": "Tests"}, {"name": "suite", "value": "test_request_loan"}, {"name": "host", "value": "MSI"}, {"name": "thread", "value": "2180-MainThread"}, {"name": "framework", "value": "pytest"}, {"name": "language", "value": "cpython3"}, {"name": "package", "value": "Tests.test_request_loan"}], "titlePath": ["Tests", "test_request_loan.py"]}