{"name": "test_login_with_enter_key", "status": "failed", "statusDetails": {"message": "AssertionError: assert 'Accounts Overview' in '<html><head>\\n\\t\\t<meta charset=\"UTF-8\">\\n\\t\\t<meta http-equiv=\"Content-Type\" content=\"text/html; charset=UTF-8\">\\n\\t...http://www.parasoft.com/\" target=\"_blank\">www.parasoft.com</a></li>\\n    </ul>\\n  </div>\\n</div>\\n\\t\\n\\n</body></html>'\n +  where '<html><head>\\n\\t\\t<meta charset=\"UTF-8\">\\n\\t\\t<meta http-equiv=\"Content-Type\" content=\"text/html; charset=UTF-8\">\\n\\t...http://www.parasoft.com/\" target=\"_blank\">www.parasoft.com</a></li>\\n    </ul>\\n  </div>\\n</div>\\n\\t\\n\\n</body></html>' = <selenium.webdriver.chrome.webdriver.WebDriver (session=\"6d3818047e4ab254cd3c1ee9c9e421a1\")>.page_source", "trace": "browserInstance = <selenium.webdriver.chrome.webdriver.WebDriver (session=\"6d3818047e4ab254cd3c1ee9c9e421a1\")>\n\n    @pytest.mark.smoke\n    def test_login_with_enter_key(browserInstance):\n        driver = browserInstance\n        browserInstance.get(\"https://parabank.parasoft.com/parabank/index.htm\")\n        browserInstance.maximize_window()\n        login_with_enter_key = Login_with_enter_key(browserInstance)\n        #login_with_enter_key.enter_user_name(user_data[\"user_name_1\"])\n        #login_with_enter_key.enter_password(user_data[\"user_password\"])\n        login_with_enter_key.press_enter_to_login(\"Sachin121111@\",\"Sachin121111@\")\n>       assert \"Accounts Overview\" in driver.page_source\nE       assert 'Accounts Overview' in '<html><head>\\n\\t\\t<meta charset=\"UTF-8\">\\n\\t\\t<meta http-equiv=\"Content-Type\" content=\"text/html; charset=UTF-8\">\\n\\t...http://www.parasoft.com/\" target=\"_blank\">www.parasoft.com</a></li>\\n    </ul>\\n  </div>\\n</div>\\n\\t\\n\\n</body></html>'\nE        +  where '<html><head>\\n\\t\\t<meta charset=\"UTF-8\">\\n\\t\\t<meta http-equiv=\"Content-Type\" content=\"text/html; charset=UTF-8\">\\n\\t...http://www.parasoft.com/\" target=\"_blank\">www.parasoft.com</a></li>\\n    </ul>\\n  </div>\\n</div>\\n\\t\\n\\n</body></html>' = <selenium.webdriver.chrome.webdriver.WebDriver (session=\"6d3818047e4ab254cd3c1ee9c9e421a1\")>.page_source\n\nTests\\Positive_Testing\\test_login_with_enter_key.py:21: AssertionError"}, "steps": [{"name": " Press Enter to Login ", "status": "passed", "steps": [{"name": " Enter User Name : 'Sachin121111@'", "status": "passed", "parameters": [{"name": "user_name_1", "value": "'Sachin121111@'"}], "start": 1758558085476, "stop": 1758558085634}, {"name": " Enter User Password : 'Sachin121111@'", "status": "passed", "parameters": [{"name": "user_password", "value": "'Sachin121111@'"}], "start": 1758558085634, "stop": 1758558085731}], "parameters": [{"name": "username_1", "value": "'Sachin121111@'"}, {"name": "user_password", "value": "'Sachin121111@'"}], "start": 1758558085476, "stop": 1758558088628}], "attachments": [{"name": "screenshot_on_failure", "source": "7d18cd95-3bf1-4e10-bf12-9185164d4911-attachment.png", "type": "image/png"}], "start": 1758558078584, "stop": 1758558088633, "uuid": "d55348a6-8f82-4f52-8dba-e281d366b5d0", "historyId": "68551aa006e384d3667699c26bfcb76c", "testCaseId": "68551aa006e384d3667699c26bfcb76c", "fullName": "Tests.Positive_Testing.test_login_with_enter_key#test_login_with_enter_key", "labels": [{"name": "tag", "value": "smoke"}, {"name": "parentSuite", "value": "Tests.Positive_Testing"}, {"name": "suite", "value": "test_login_with_enter_key"}, {"name": "host", "value": "MSI"}, {"name": "thread", "value": "20300-MainThread"}, {"name": "framework", "value": "pytest"}, {"name": "language", "value": "cpython3"}, {"name": "package", "value": "Tests.Positive_Testing.test_login_with_enter_key"}], "titlePath": ["Tests", "Positive_Testing", "test_login_with_enter_key.py"]}