{"name": "test_Request_loan", "status": "broken", "statusDetails": {"message": "selenium.common.exceptions.NoSuchElementException: Message: No options are selected; For documentation on this error, please visit: https://www.selenium.dev/documentation/webdriver/troubleshooting/errors#no-such-element-exception", "trace": "browserInstance = <selenium.webdriver.chrome.webdriver.WebDriver (session=\"7f1c0c4eca60ff0758c2c317a05cd52a\")>\n\n    @pytest.mark.smoke\n    def test_Request_loan(browserInstance):\n        driver = browserInstance\n        browserInstance.get(\"https://parabank.parasoft.com/parabank/index.htm\")\n        browserInstance.maximize_window()\n    \n        login_user = Login_user(browserInstance)\n        login_user.enter_login_name(user_data[\"user_name_1\"])\n        login_user.enter_login_password(user_data[\"user_confirm_password\"])\n        login_user.click_on_submit_button()\n    \n        loan_request = Request_Loan(browserInstance)\n        loan_request.click_on_request_loan()\n        loan_request.enter_loan_amount(user_data[\"loan_amount\"])\n        loan_request.down_payment(user_data[\"down_payment\"])\n>       loan_request.select_account()\n\nTests\\Positive_Testing\\test_request_loan.py:29: \n_ _ _ _ _ _ _ _ _ _ _ _ _ _ _ _ _ _ _ _ _ _ _ _ _ _ _ _ _ _ _ _ _ _ _ _ _ _ _ _ _ _ _ _ _ _ _ _ _ _ _ _ _ _ _ _ _ _ _ _ _ _ _ _ _ _ _ _ _ _ _ _ _ _ _ _ _ _ _ _ _ _ _ _ _ _ _ _ _ _ _ _ _ _ \nPage_Pom\\request_loan.py:22: in select_account\n    return safe_select(self.driver,Locators.select_account_loan,SELECTED)\nUtils\\selenium_helpers.py:61: in safe_select\n    return select.first_selected_option.text\n_ _ _ _ _ _ _ _ _ _ _ _ _ _ _ _ _ _ _ _ _ _ _ _ _ _ _ _ _ _ _ _ _ _ _ _ _ _ _ _ _ _ _ _ _ _ _ _ _ _ _ _ _ _ _ _ _ _ _ _ _ _ _ _ _ _ _ _ _ _ _ _ _ _ _ _ _ _ _ _ _ _ _ _ _ _ _ _ _ _ _ _ _ _ \n\nself = <selenium.webdriver.support.select.Select object at 0x000002724194E420>\n\n    @property\n    def first_selected_option(self) -> WebElement:\n        \"\"\"The first selected option in this select tag (or the currently\n        selected option in a normal select)\"\"\"\n        for opt in self.options:\n            if opt.is_selected():\n                return opt\n>       raise NoSuchElementException(\"No options are selected\")\nE       selenium.common.exceptions.NoSuchElementException: Message: No options are selected; For documentation on this error, please visit: https://www.selenium.dev/documentation/webdriver/troubleshooting/errors#no-such-element-exception\n\n..\\..\\AppData\\Local\\Programs\\Python\\Python312\\Lib\\site-packages\\selenium\\webdriver\\support\\select.py:62: NoSuchElementException"}, "steps": [{"name": "Enter user name:'Sachin121111@' ", "status": "passed", "parameters": [{"name": "user_name_1", "value": "'Sachin121111@'"}], "start": 1758284198206, "stop": 1758284198251}, {"name": "Enter user confirmed password :'Sachin306@' ", "status": "passed", "parameters": [{"name": "user_confirm_password", "value": "'Sachin306@'"}], "start": 1758284198251, "stop": 1758284198291}, {"name": "Click on submit button ", "status": "passed", "start": 1758284198291, "stop": 1758284200146}, {"name": "Click on request loan : ", "status": "passed", "start": 1758284200146, "stop": 1758284201671}, {"name": "Enter the Loan amount: '1000000'", "status": "passed", "parameters": [{"name": "loan_amount", "value": "'1000000'"}], "start": 1758284201671, "stop": 1758284201759}, {"name": "Enter the down_payment :'12'", "status": "passed", "parameters": [{"name": "down_payment", "value": "'12'"}], "start": 1758284201759, "stop": 1758284201791}, {"name": "Select the bank account :", "status": "broken", "statusDetails": {"message": "selenium.common.exceptions.NoSuchElementException: Message: No options are selected; For documentation on this error, please visit: https://www.selenium.dev/documentation/webdriver/troubleshooting/errors#no-such-element-exception\n\n", "trace": "  File \"C:\\Users\\Sachin Kumar Tiwari\\AppData\\Local\\Programs\\Python\\Python312\\Lib\\site-packages\\allure_commons\\_allure.py\", line 202, in impl\n    return func(*a, **kw)\n           ^^^^^^^^^^^^^^\n  File \"C:\\Users\\Sachin Kumar Tiwari\\PycharmProjects\\ParaBank_Testing\\Page_Pom\\request_loan.py\", line 22, in select_account\n    return safe_select(self.driver,Locators.select_account_loan,SELECTED)\n           ^^^^^^^^^^^^^^^^^^^^^^^^^^^^^^^^^^^^^^^^^^^^^^^^^^^^^^^^^^^^^^\n  File \"C:\\Users\\Sachin Kumar Tiwari\\PycharmProjects\\ParaBank_Testing\\Utils\\selenium_helpers.py\", line 61, in safe_select\n    return select.first_selected_option.text\n           ^^^^^^^^^^^^^^^^^^^^^^^^^^^^\n  File \"C:\\Users\\Sachin Kumar Tiwari\\AppData\\Local\\Programs\\Python\\Python312\\Lib\\site-packages\\selenium\\webdriver\\support\\select.py\", line 62, in first_selected_option\n    raise NoSuchElementException(\"No options are selected\")\n"}, "parameters": [{"name": "SELECTED", "value": "None"}], "start": 1758284201791, "stop": 1758284206866}], "attachments": [{"name": "screenshot_on_failure", "source": "fc88fcaa-66e1-42c1-b0e3-20f91ad25fdc-attachment.png", "type": "image/png"}], "start": 1758284194672, "stop": 1758284206883, "uuid": "64f48cb1-f42f-46da-8188-1e7708fba4b9", "historyId": "b46bc5c8166550a2ba24d2c7496a9eff", "testCaseId": "b46bc5c8166550a2ba24d2c7496a9eff", "fullName": "Tests.Positive_Testing.test_request_loan#test_Request_loan", "labels": [{"name": "tag", "value": "smoke"}, {"name": "parentSuite", "value": "Tests.Positive_Testing"}, {"name": "suite", "value": "test_request_loan"}, {"name": "host", "value": "MSI"}, {"name": "thread", "value": "22116-MainThread"}, {"name": "framework", "value": "pytest"}, {"name": "language", "value": "cpython3"}, {"name": "package", "value": "Tests.Positive_Testing.test_request_loan"}], "titlePath": ["Tests", "Positive_Testing", "test_request_loan.py"]}