{"name": "test_Request_Highest_loan", "status": "failed", "statusDetails": {"message": "AssertionError: assert 'Date:09-22-2025' in ''", "trace": "browserInstance = <selenium.webdriver.chrome.webdriver.WebDriver (session=\"5d08e994d9020d77e5baaa58a4c2ab5e\")>\n\n    @pytest.mark.smoke\n    def test_Request_Highest_loan(browserInstance):\n        driver = browserInstance\n        browserInstance.get(\"https://parabank.parasoft.com/parabank/index.htm\")\n        browserInstance.maximize_window()\n    \n        login_user = Login_user(browserInstance)\n        login_user.enter_login_name(user_data[\"user_name_1\"])\n        login_user.enter_login_password(user_data[\"user_confirm_password\"])\n        login_user.click_on_submit_button()\n    \n        loan_request = Request_Highest_Loan(browserInstance)\n        loan_request.click_on_request_loan()\n        loan_request.enter_loan_amount(user_data[\"high_amount_loan\"])\n        loan_request.down_payment(user_data[\"down_payment\"])\n        loan_request.select_account()\n        loan_request.click_button_on_request()\n        Message = loan_request.loan_request_proceed()\n        today_date = datetime.now().strftime(\"%m-%d-%Y\")\n        print(\"Captured Message:\", Message)\n    \n>       assert f\"Date:{today_date}\" in Message\nE       AssertionError: assert 'Date:09-22-2025' in ''\n\nTests\\Negative_Testing\\test_Request_loan_with_high_amount.py:35: AssertionError"}, "steps": [{"name": "Enter user name:'Sachin121111@' ", "status": "passed", "parameters": [{"name": "user_name_1", "value": "'Sachin121111@'"}], "start": 1758527202758, "stop": 1758527202882}, {"name": "Enter user confirmed password :'Sachin306@' ", "status": "passed", "parameters": [{"name": "user_confirm_password", "value": "'Sachin306@'"}], "start": 1758527202882, "stop": 1758527202974}, {"name": "Click on submit button ", "status": "passed", "start": 1758527202974, "stop": 1758527205131}, {"name": "Click on request loan : ", "status": "passed", "start": 1758527205131, "stop": 1758527206053}, {"name": "Enter the Loan amount: '1000000'", "status": "passed", "parameters": [{"name": "loan_amount", "value": "'1000000'"}], "start": 1758527206054, "stop": 1758527206231}, {"name": "Enter the down_payment :'12'", "status": "passed", "parameters": [{"name": "down_payment", "value": "'12'"}], "start": 1758527206231, "stop": 1758527206368}, {"name": "Select the bank account :", "status": "passed", "parameters": [{"name": "SELECTED", "value": "None"}], "start": 1758527206368, "stop": 1758527206463}, {"name": "Click on apply loan : ", "status": "passed", "start": 1758527206463, "stop": 1758527206648}, {"name": " Loan Request Processed ", "status": "passed", "start": 1758527206648, "stop": 1758527206688}], "attachments": [{"name": "screenshot_on_failure", "source": "19aab171-4430-47f6-a7f0-33fc5feb50d9-attachment.png", "type": "image/png"}, {"name": "stdout", "source": "069c8e07-4fb3-451b-89ba-04e798a35ed4-attachment.txt", "type": "text/plain"}], "start": 1758527198279, "stop": 1758527206689, "uuid": "330e2e46-2e91-4f6c-b9d4-97f80b41057d", "historyId": "b2ad7d8ef665d11307467ab21cdebf1d", "testCaseId": "b2ad7d8ef665d11307467ab21cdebf1d", "fullName": "Tests.Negative_Testing.test_Request_loan_with_high_amount#test_Request_Highest_loan", "labels": [{"name": "tag", "value": "smoke"}, {"name": "parentSuite", "value": "Tests.Negative_Testing"}, {"name": "suite", "value": "test_Request_loan_with_high_amount"}, {"name": "host", "value": "MSI"}, {"name": "thread", "value": "34984-MainThread"}, {"name": "framework", "value": "pytest"}, {"name": "language", "value": "cpython3"}, {"name": "package", "value": "Tests.Negative_Testing.test_Request_loan_with_high_amount"}], "titlePath": ["Tests", "Negative_Testing", "test_Request_loan_with_high_amount.py"]}