{"name": "test_Request_Highest_loan", "status": "failed", "statusDetails": {"message": "AssertionError: assert 'Date: 09-22-2025' in ''", "trace": "browserInstance = <selenium.webdriver.chrome.webdriver.WebDriver (session=\"23ec747f2af16ccf7ccadd2831a534f2\")>\n\n    @pytest.mark.smoke\n    def test_Request_Highest_loan(browserInstance):\n        driver = browserInstance\n        browserInstance.get(\"https://parabank.parasoft.com/parabank/index.htm\")\n        browserInstance.maximize_window()\n    \n        login_user = Login_user(browserInstance)\n        login_user.enter_login_name(user_data[\"user_name_1\"])\n        login_user.enter_login_password(user_data[\"user_confirm_password\"])\n        login_user.click_on_submit_button()\n    \n        loan_request = Request_Highest_Loan(browserInstance)\n        loan_request.click_on_request_loan()\n        loan_request.enter_loan_amount(user_data[\"high_amount_loan\"])\n        loan_request.down_payment(user_data[\"down_payment\"])\n        loan_request.select_account()\n        loan_request.click_button_on_request()\n        Message = loan_request.loan_request_proceed()\n        today_date = datetime.now().strftime(\"%m-%d-%Y\")\n        print(\"Captured Message:\", Message)\n    \n>       assert f\"Date: {today_date}\" in Message\nE       AssertionError: assert 'Date: 09-22-2025' in ''\n\nTests\\Negative_Testing\\test_Request_loan_with_high_amount.py:35: AssertionError"}, "steps": [{"name": "Enter user name:'Sachin121111@' ", "status": "passed", "parameters": [{"name": "user_name_1", "value": "'Sachin121111@'"}], "start": 1758526925329, "stop": 1758526925444}, {"name": "Enter user confirmed password :'Sachin306@' ", "status": "passed", "parameters": [{"name": "user_confirm_password", "value": "'Sachin306@'"}], "start": 1758526925444, "stop": 1758526925529}, {"name": "Click on submit button ", "status": "passed", "start": 1758526925529, "stop": 1758526927448}, {"name": "Click on request loan : ", "status": "passed", "start": 1758526927448, "stop": 1758526928096}, {"name": "Enter the Loan amount: '1000000'", "status": "passed", "parameters": [{"name": "loan_amount", "value": "'1000000'"}], "start": 1758526928096, "stop": 1758526928276}, {"name": "Enter the down_payment :'12'", "status": "passed", "parameters": [{"name": "down_payment", "value": "'12'"}], "start": 1758526928276, "stop": 1758526928422}, {"name": "Select the bank account :", "status": "passed", "parameters": [{"name": "SELECTED", "value": "None"}], "start": 1758526928424, "stop": 1758526928521}, {"name": "Click on apply loan : ", "status": "passed", "start": 1758526928521, "stop": 1758526928682}, {"name": " Loan Request Processed ", "status": "passed", "start": 1758526928682, "stop": 1758526928712}], "attachments": [{"name": "screenshot_on_failure", "source": "7695e998-9e5f-468a-b9a3-36d9a17dbcd0-attachment.png", "type": "image/png"}, {"name": "stdout", "source": "e1ccbc56-f569-49df-a3ae-f9500c6e90e0-attachment.txt", "type": "text/plain"}], "start": 1758526922016, "stop": 1758526928712, "uuid": "e82ab4b0-ad17-4c08-8541-90097a38b7c5", "historyId": "b2ad7d8ef665d11307467ab21cdebf1d", "testCaseId": "b2ad7d8ef665d11307467ab21cdebf1d", "fullName": "Tests.Negative_Testing.test_Request_loan_with_high_amount#test_Request_Highest_loan", "labels": [{"name": "tag", "value": "smoke"}, {"name": "parentSuite", "value": "Tests.Negative_Testing"}, {"name": "suite", "value": "test_Request_loan_with_high_amount"}, {"name": "host", "value": "MSI"}, {"name": "thread", "value": "15640-MainThread"}, {"name": "framework", "value": "pytest"}, {"name": "language", "value": "cpython3"}, {"name": "package", "value": "Tests.Negative_Testing.test_Request_loan_with_high_amount"}], "titlePath": ["Tests", "Negative_Testing", "test_Request_loan_with_high_amount.py"]}