{"name": "test_Request_loan", "status": "broken", "statusDetails": {"message": "selenium.common.exceptions.TimeoutException: Message: \nStacktrace:\n\tGetHandleVerifier [0x0x7ff7bf4a30f5+79493]\n\tGetHandleVerifier [0x0x7ff7bf4a3150+79584]\n\t(No symbol) [0x0x7ff7bf2201ba]\n\t(No symbol) [0x0x7ff7bf278067]\n\t(No symbol) [0x0x7ff7bf27832c]\n\t(No symbol) [0x0x7ff7bf2cbe27]\n\t(No symbol) [0x0x7ff7bf2a074f]\n\t(No symbol) [0x0x7ff7bf2c8b8b]\n\t(No symbol) [0x0x7ff7bf2a04e3]\n\t(No symbol) [0x0x7ff7bf268e92]\n\t(No symbol) [0x0x7ff7bf269c63]\n\tGetHandleVerifier [0x0x7ff7bf760dbd+2954061]\n\tGetHandleVerifier [0x0x7ff7bf75b02a+2930106]\n\tGetHandleVerifier [0x0x7ff7bf77b357+3061991]\n\tGetHandleVerifier [0x0x7ff7bf4bd60e+187294]\n\tGetHandleVerifier [0x0x7ff7bf4c557f+219919]\n\tGetHandleVerifier [0x0x7ff7bf4ac294+116772]\n\tGetHandleVerifier [0x0x7ff7bf4ac449+117209]\n\tGetHandleVerifier [0x0x7ff7bf492618+11176]\n\tBaseThreadInitThunk [0x0x7ffe6635e8d7+23]\n\tRtlUserThreadStart [0x0x7ffe67b48d9c+44]", "trace": "browserInstance = <selenium.webdriver.chrome.webdriver.WebDriver (session=\"5c10374695bf67870173e6c6c5d09316\")>\n\n    @pytest.mark.smoke\n    def test_Request_loan(browserInstance):\n        driver = browserInstance\n        login_user = Login_user(browserInstance)\n>       login_user.enter_login_name(user_data[\"user_name_1\"])\n\nTests\\test_request_loan.py:18: \n_ _ _ _ _ _ _ _ _ _ _ _ _ _ _ _ _ _ _ _ _ _ _ _ _ _ _ _ _ _ _ _ _ _ _ _ _ _ _ _ _ _ _ _ _ _ _ _ _ _ _ _ _ _ _ _ _ _ _ _ _ _ _ _ _ _ _ _ _ _ _ _ _ _ _ _ _ _ _ _ _ _ _ _ _ _ _ _ _ _ _ _ _ _ \nPage_Pom\\login.py:11: in enter_login_name\n    safe_send_keys(self.driver,Locators.login_username,user_name_1)\nUtils\\selenium_helpers.py:42: in safe_send_keys\n    WebDriverWait(driver, timeout).until(\n_ _ _ _ _ _ _ _ _ _ _ _ _ _ _ _ _ _ _ _ _ _ _ _ _ _ _ _ _ _ _ _ _ _ _ _ _ _ _ _ _ _ _ _ _ _ _ _ _ _ _ _ _ _ _ _ _ _ _ _ _ _ _ _ _ _ _ _ _ _ _ _ _ _ _ _ _ _ _ _ _ _ _ _ _ _ _ _ _ _ _ _ _ _ \n\nself = <selenium.webdriver.support.wait.WebDriverWait (session=\"5c10374695bf67870173e6c6c5d09316\")>\nmethod = <function presence_of_element_located.<locals>._predicate at 0x000001C47FD928E0>, message = ''\n\n    def until(self, method: Callable[[D], Union[Literal[False], T]], message: str = \"\") -> T:\n        \"\"\"Calls the method provided with the driver as an argument until the \\\n        return value does not evaluate to ``False``.\n    \n        :param method: callable(WebDriver)\n        :param message: optional message for :exc:`TimeoutException`\n        :returns: the result of the last call to `method`\n        :raises: :exc:`selenium.common.exceptions.TimeoutException` if timeout occurs\n        \"\"\"\n        screen = None\n        stacktrace = None\n    \n        end_time = time.monotonic() + self._timeout\n        while True:\n            try:\n                value = method(self._driver)\n                if value:\n                    return value\n            except self._ignored_exceptions as exc:\n                screen = getattr(exc, \"screen\", None)\n                stacktrace = getattr(exc, \"stacktrace\", None)\n            time.sleep(self._poll)\n            if time.monotonic() > end_time:\n                break\n>       raise TimeoutException(message, screen, stacktrace)\nE       selenium.common.exceptions.TimeoutException: Message: \nE       Stacktrace:\nE       \tGetHandleVerifier [0x0x7ff7bf4a30f5+79493]\nE       \tGetHandleVerifier [0x0x7ff7bf4a3150+79584]\nE       \t(No symbol) [0x0x7ff7bf2201ba]\nE       \t(No symbol) [0x0x7ff7bf278067]\nE       \t(No symbol) [0x0x7ff7bf27832c]\nE       \t(No symbol) [0x0x7ff7bf2cbe27]\nE       \t(No symbol) [0x0x7ff7bf2a074f]\nE       \t(No symbol) [0x0x7ff7bf2c8b8b]\nE       \t(No symbol) [0x0x7ff7bf2a04e3]\nE       \t(No symbol) [0x0x7ff7bf268e92]\nE       \t(No symbol) [0x0x7ff7bf269c63]\nE       \tGetHandleVerifier [0x0x7ff7bf760dbd+2954061]\nE       \tGetHandleVerifier [0x0x7ff7bf75b02a+2930106]\nE       \tGetHandleVerifier [0x0x7ff7bf77b357+3061991]\nE       \tGetHandleVerifier [0x0x7ff7bf4bd60e+187294]\nE       \tGetHandleVerifier [0x0x7ff7bf4c557f+219919]\nE       \tGetHandleVerifier [0x0x7ff7bf4ac294+116772]\nE       \tGetHandleVerifier [0x0x7ff7bf4ac449+117209]\nE       \tGetHandleVerifier [0x0x7ff7bf492618+11176]\nE       \tBaseThreadInitThunk [0x0x7ffe6635e8d7+23]\nE       \tRtlUserThreadStart [0x0x7ffe67b48d9c+44]\n\n..\\..\\AppData\\Local\\Programs\\Python\\Python312\\Lib\\site-packages\\selenium\\webdriver\\support\\wait.py:105: TimeoutException"}, "steps": [{"name": "Enter user name:'Sachin121111@' ", "status": "broken", "statusDetails": {"message": "selenium.common.exceptions.TimeoutException: Message: \nStacktrace:\n\tGetHandleVerifier [0x0x7ff7bf4a30f5+79493]\n\tGetHandleVerifier [0x0x7ff7bf4a3150+79584]\n\t(No symbol) [0x0x7ff7bf2201ba]\n\t(No symbol) [0x0x7ff7bf278067]\n\t(No symbol) [0x0x7ff7bf27832c]\n\t(No symbol) [0x0x7ff7bf2cbe27]\n\t(No symbol) [0x0x7ff7bf2a074f]\n\t(No symbol) [0x0x7ff7bf2c8b8b]\n\t(No symbol) [0x0x7ff7bf2a04e3]\n\t(No symbol) [0x0x7ff7bf268e92]\n\t(No symbol) [0x0x7ff7bf269c63]\n\tGetHandleVerifier [0x0x7ff7bf760dbd+2954061]\n\tGetHandleVerifier [0x0x7ff7bf75b02a+2930106]\n\tGetHandleVerifier [0x0x7ff7bf77b357+3061991]\n\tGetHandleVerifier [0x0x7ff7bf4bd60e+187294]\n\tGetHandleVerifier [0x0x7ff7bf4c557f+219919]\n\tGetHandleVerifier [0x0x7ff7bf4ac294+116772]\n\tGetHandleVerifier [0x0x7ff7bf4ac449+117209]\n\tGetHandleVerifier [0x0x7ff7bf492618+11176]\n\tBaseThreadInitThunk [0x0x7ffe6635e8d7+23]\n\tRtlUserThreadStart [0x0x7ffe67b48d9c+44]\n\n", "trace": "  File \"C:\\Users\\Sachin Kumar Tiwari\\AppData\\Local\\Programs\\Python\\Python312\\Lib\\site-packages\\allure_commons\\_allure.py\", line 202, in impl\n    return func(*a, **kw)\n           ^^^^^^^^^^^^^^\n  File \"C:\\Users\\Sachin Kumar Tiwari\\PycharmProjects\\ParaBank_Testing\\Page_Pom\\login.py\", line 11, in enter_login_name\n    safe_send_keys(self.driver,Locators.login_username,user_name_1)\n  File \"C:\\Users\\Sachin Kumar Tiwari\\PycharmProjects\\ParaBank_Testing\\Utils\\selenium_helpers.py\", line 42, in safe_send_keys\n    WebDriverWait(driver, timeout).until(\n  File \"C:\\Users\\Sachin Kumar Tiwari\\AppData\\Local\\Programs\\Python\\Python312\\Lib\\site-packages\\selenium\\webdriver\\support\\wait.py\", line 105, in until\n    raise TimeoutException(message, screen, stacktrace)\n"}, "parameters": [{"name": "user_name_1", "value": "'Sachin121111@'"}], "start": 1758283126971, "stop": 1758283160210}], "attachments": [{"name": "screenshot_on_failure", "source": "81ccf8e6-496b-4c15-a80d-2a2473582b3d-attachment.png", "type": "image/png"}], "start": 1758283126971, "stop": 1758283160218, "uuid": "77f8cbbd-585b-4c22-ac36-9412f3a57081", "historyId": "f975db163564c410ea4cad5ad412224e", "testCaseId": "f975db163564c410ea4cad5ad412224e", "fullName": "Tests.test_request_loan#test_Request_loan", "labels": [{"name": "tag", "value": "smoke"}, {"name": "parentSuite", "value": "Tests"}, {"name": "suite", "value": "test_request_loan"}, {"name": "host", "value": "MSI"}, {"name": "thread", "value": "14188-MainThread"}, {"name": "framework", "value": "pytest"}, {"name": "language", "value": "cpython3"}, {"name": "package", "value": "Tests.test_request_loan"}], "titlePath": ["Tests", "test_request_loan.py"]}