{"name": "test_Request_Highest_loan", "status": "failed", "statusDetails": {"message": "AssertionError: assert 'Loan Request Processed' in ''", "trace": "browserInstance = <selenium.webdriver.chrome.webdriver.WebDriver (session=\"e647f51f57f9f5b6b2a9f2b707843af0\")>\n\n    @pytest.mark.smoke\n    def test_Request_Highest_loan(browserInstance):\n        driver = browserInstance\n        browserInstance.get(\"https://parabank.parasoft.com/parabank/index.htm\")\n        browserInstance.maximize_window()\n    \n        login_user = Login_user(browserInstance)\n        login_user.enter_login_name(user_data[\"user_name_1\"])\n        login_user.enter_login_password(user_data[\"user_confirm_password\"])\n        login_user.click_on_submit_button()\n    \n        loan_request = Request_Highest_Loan(browserInstance)\n        loan_request.click_on_request_loan()\n        loan_request.enter_loan_amount(user_data[\"high_amount_loan\"])\n        loan_request.down_payment(user_data[\"down_payment\"])\n        loan_request.select_account()\n        loan_request.click_button_on_request()\n        Message = loan_request.loan_request_proceed()\n        today_date = datetime.now().strftime(\"%m-%d-%Y\")\n        print(\"Captured Message:\", Message)\n    \n        #assert f\"Date:{today_date}\" in Message\n>       assert \"Loan Request Processed\" in Message\nE       AssertionError: assert 'Loan Request Processed' in ''\n\nTests\\Negative_Testing\\test_Request_loan_with_high_amount.py:36: AssertionError"}, "steps": [{"name": "Enter user name:'Sachin121111@' ", "status": "passed", "parameters": [{"name": "user_name_1", "value": "'Sachin121111@'"}], "start": 1758527234277, "stop": 1758527234397}, {"name": "Enter user confirmed password :'Sachin306@' ", "status": "passed", "parameters": [{"name": "user_confirm_password", "value": "'Sachin306@'"}], "start": 1758527234398, "stop": 1758527234474}, {"name": "Click on submit button ", "status": "passed", "start": 1758527234474, "stop": 1758527236732}, {"name": "Click on request loan : ", "status": "passed", "start": 1758527236732, "stop": 1758527237524}, {"name": "Enter the Loan amount: '1000000'", "status": "passed", "parameters": [{"name": "loan_amount", "value": "'1000000'"}], "start": 1758527237524, "stop": 1758527237682}, {"name": "Enter the down_payment :'12'", "status": "passed", "parameters": [{"name": "down_payment", "value": "'12'"}], "start": 1758527237682, "stop": 1758527237844}, {"name": "Select the bank account :", "status": "passed", "parameters": [{"name": "SELECTED", "value": "None"}], "start": 1758527237844, "stop": 1758527237919}, {"name": "Click on apply loan : ", "status": "passed", "start": 1758527237919, "stop": 1758527238088}, {"name": " Loan Request Processed ", "status": "passed", "start": 1758527238089, "stop": 1758527238124}], "attachments": [{"name": "screenshot_on_failure", "source": "63f746ef-2f40-4a34-9508-7c0d6a3d29cf-attachment.png", "type": "image/png"}, {"name": "stdout", "source": "ea288ef7-4376-41e1-a363-86bbabbe6104-attachment.txt", "type": "text/plain"}], "start": 1758527229883, "stop": 1758527238125, "uuid": "f4d8ec3c-1b2a-4bc2-8596-a4c1269cff07", "historyId": "b2ad7d8ef665d11307467ab21cdebf1d", "testCaseId": "b2ad7d8ef665d11307467ab21cdebf1d", "fullName": "Tests.Negative_Testing.test_Request_loan_with_high_amount#test_Request_Highest_loan", "labels": [{"name": "tag", "value": "smoke"}, {"name": "parentSuite", "value": "Tests.Negative_Testing"}, {"name": "suite", "value": "test_Request_loan_with_high_amount"}, {"name": "host", "value": "MSI"}, {"name": "thread", "value": "22356-MainThread"}, {"name": "framework", "value": "pytest"}, {"name": "language", "value": "cpython3"}, {"name": "package", "value": "Tests.Negative_Testing.test_Request_loan_with_high_amount"}], "titlePath": ["Tests", "Negative_Testing", "test_Request_loan_with_high_amount.py"]}