{"name": "test_account_over_view", "status": "broken", "statusDetails": {"message": "selenium.common.exceptions.TimeoutException: Message: \nStacktrace:\n\tGetHandleVerifier [0x0x7ff7c1dc1eb5+80197]\n\tGetHandleVerifier [0x0x7ff7c1dc1f10+80288]\n\t(No symbol) [0x0x7ff7c1b402fa]\n\t(No symbol) [0x0x7ff7c1b97cd7]\n\t(No symbol) [0x0x7ff7c1b97f9c]\n\t(No symbol) [0x0x7ff7c1beba87]\n\t(No symbol) [0x0x7ff7c1bc03bf]\n\t(No symbol) [0x0x7ff7c1be87fb]\n\t(No symbol) [0x0x7ff7c1bc0153]\n\t(No symbol) [0x0x7ff7c1b88b02]\n\t(No symbol) [0x0x7ff7c1b898d3]\n\tGetHandleVerifier [0x0x7ff7c207e83d+2949837]\n\tGetHandleVerifier [0x0x7ff7c2078c6a+2926330]\n\tGetHandleVerifier [0x0x7ff7c20986c7+3055959]\n\tGetHandleVerifier [0x0x7ff7c1ddcfee+191102]\n\tGetHandleVerifier [0x0x7ff7c1de50af+224063]\n\tGetHandleVerifier [0x0x7ff7c1dcaf64+117236]\n\tGetHandleVerifier [0x0x7ff7c1dcb119+117673]\n\tGetHandleVerifier [0x0x7ff7c1db10a8+11064]\n\tBaseThreadInitThunk [0x0x7ffe77bfe8d7+23]\n\tRtlUserThreadStart [0x0x7ffe7972c53c+44]", "trace": "browserInstance = <selenium.webdriver.chrome.webdriver.WebDriver (session=\"6e3aafe3989acc00febc4f4c13386a2e\")>\n\n    @pytest.mark.smoke\n    def test_account_over_view(browserInstance):\n        driver = browserInstance\n        driver.get(\"https://parabank.parasoft.com/parabank/index.htm\")\n        browserInstance.maximize_window()\n        login_account = Login_user(browserInstance)\n        login_account.enter_login_name(user_data[\"user_base_name\"])\n        login_account.enter_login_password(user_data[\"user_confirm_password\"])\n        login_account.click_on_submit_button()\n        overview = account_overview(browserInstance)\n>       message = overview.account_overview()\n\nTests\\Positive_Testing\\test_account_overview.py:26: \n_ _ _ _ _ _ _ _ _ _ _ _ _ _ _ _ _ _ _ _ _ _ _ _ _ _ _ _ _ _ _ _ _ _ _ _ _ _ _ _ _ _ _ _ _ _ _ _ _ _ _ _ _ _ _ _ _ _ _ _ _ _ _ _ _ _ _ _ _ _ _ _ _ _ _ _ _ _ _ _ _ _ _ _ _ _ _ _ _ _ _ _ _ _ _\nPage_Pom\\Positive_POM\\account_overview.py:16: in account_overview\n    return safe_get_text(self.driver,Locators.tittle_compare)\nUtils\\selenium_helpers.py:51: in safe_get_text\n    return WebDriverWait(driver, timeout).until(\n_ _ _ _ _ _ _ _ _ _ _ _ _ _ _ _ _ _ _ _ _ _ _ _ _ _ _ _ _ _ _ _ _ _ _ _ _ _ _ _ _ _ _ _ _ _ _ _ _ _ _ _ _ _ _ _ _ _ _ _ _ _ _ _ _ _ _ _ _ _ _ _ _ _ _ _ _ _ _ _ _ _ _ _ _ _ _ _ _ _ _ _ _ _ _\n\nself = <selenium.webdriver.support.wait.WebDriverWait (session=\"6e3aafe3989acc00febc4f4c13386a2e\")>, method = <function presence_of_element_located.<locals>._predicate at 0x000001CB9354D440>\nmessage = ''\n\n    def until(self, method: Callable[[D], Union[Literal[False], T]], message: str = \"\") -> T:\n        \"\"\"Calls the method provided with the driver as an argument until the \\\n        return value does not evaluate to ``False``.\n    \n        :param method: callable(WebDriver)\n        :param message: optional message for :exc:`TimeoutException`\n        :returns: the result of the last call to `method`\n        :raises: :exc:`selenium.common.exceptions.TimeoutException` if timeout occurs\n        \"\"\"\n        screen = None\n        stacktrace = None\n    \n        end_time = time.monotonic() + self._timeout\n        while True:\n            try:\n                value = method(self._driver)\n                if value:\n                    return value\n            except self._ignored_exceptions as exc:\n                screen = getattr(exc, \"screen\", None)\n                stacktrace = getattr(exc, \"stacktrace\", None)\n            time.sleep(self._poll)\n            if time.monotonic() > end_time:\n                break\n>       raise TimeoutException(message, screen, stacktrace)\nE       selenium.common.exceptions.TimeoutException: Message: \nE       Stacktrace:\nE       \tGetHandleVerifier [0x0x7ff7c1dc1eb5+80197]\nE       \tGetHandleVerifier [0x0x7ff7c1dc1f10+80288]\nE       \t(No symbol) [0x0x7ff7c1b402fa]\nE       \t(No symbol) [0x0x7ff7c1b97cd7]\nE       \t(No symbol) [0x0x7ff7c1b97f9c]\nE       \t(No symbol) [0x0x7ff7c1beba87]\nE       \t(No symbol) [0x0x7ff7c1bc03bf]\nE       \t(No symbol) [0x0x7ff7c1be87fb]\nE       \t(No symbol) [0x0x7ff7c1bc0153]\nE       \t(No symbol) [0x0x7ff7c1b88b02]\nE       \t(No symbol) [0x0x7ff7c1b898d3]\nE       \tGetHandleVerifier [0x0x7ff7c207e83d+2949837]\nE       \tGetHandleVerifier [0x0x7ff7c2078c6a+2926330]\nE       \tGetHandleVerifier [0x0x7ff7c20986c7+3055959]\nE       \tGetHandleVerifier [0x0x7ff7c1ddcfee+191102]\nE       \tGetHandleVerifier [0x0x7ff7c1de50af+224063]\nE       \tGetHandleVerifier [0x0x7ff7c1dcaf64+117236]\nE       \tGetHandleVerifier [0x0x7ff7c1dcb119+117673]\nE       \tGetHandleVerifier [0x0x7ff7c1db10a8+11064]\nE       \tBaseThreadInitThunk [0x0x7ffe77bfe8d7+23]\nE       \tRtlUserThreadStart [0x0x7ffe7972c53c+44]\n\n..\\..\\AppData\\Local\\Programs\\Python\\Python312\\Lib\\site-packages\\selenium\\webdriver\\support\\wait.py:105: TimeoutException"}, "steps": [{"name": "Enter user name:'Sachin121111@' ", "status": "passed", "parameters": [{"name": "user_name_1", "value": "'Sachin121111@'"}], "start": 1759990361918, "stop": 1759990362078}, {"name": "Enter user confirmed password :'Sachin306@' ", "status": "passed", "parameters": [{"name": "user_confirm_password", "value": "'Sachin306@'"}], "start": 1759990362078, "stop": 1759990362176}, {"name": "Click on submit button ", "status": "passed", "start": 1759990362176, "stop": 1759990362818}, {"name": "Account Overview", "status": "broken", "statusDetails": {"message": "selenium.common.exceptions.TimeoutException: Message: \nStacktrace:\n\tGetHandleVerifier [0x0x7ff7c1dc1eb5+80197]\n\tGetHandleVerifier [0x0x7ff7c1dc1f10+80288]\n\t(No symbol) [0x0x7ff7c1b402fa]\n\t(No symbol) [0x0x7ff7c1b97cd7]\n\t(No symbol) [0x0x7ff7c1b97f9c]\n\t(No symbol) [0x0x7ff7c1beba87]\n\t(No symbol) [0x0x7ff7c1bc03bf]\n\t(No symbol) [0x0x7ff7c1be87fb]\n\t(No symbol) [0x0x7ff7c1bc0153]\n\t(No symbol) [0x0x7ff7c1b88b02]\n\t(No symbol) [0x0x7ff7c1b898d3]\n\tGetHandleVerifier [0x0x7ff7c207e83d+2949837]\n\tGetHandleVerifier [0x0x7ff7c2078c6a+2926330]\n\tGetHandleVerifier [0x0x7ff7c20986c7+3055959]\n\tGetHandleVerifier [0x0x7ff7c1ddcfee+191102]\n\tGetHandleVerifier [0x0x7ff7c1de50af+224063]\n\tGetHandleVerifier [0x0x7ff7c1dcaf64+117236]\n\tGetHandleVerifier [0x0x7ff7c1dcb119+117673]\n\tGetHandleVerifier [0x0x7ff7c1db10a8+11064]\n\tBaseThreadInitThunk [0x0x7ffe77bfe8d7+23]\n\tRtlUserThreadStart [0x0x7ffe7972c53c+44]\n\n", "trace": "  File \"C:\\Users\\Sachin Kumar Tiwari\\AppData\\Local\\Programs\\Python\\Python312\\Lib\\site-packages\\allure_commons\\_allure.py\", line 202, in impl\n    return func(*a, **kw)\n           ^^^^^^^^^^^^^^\n  File \"C:\\Users\\Sachin Kumar Tiwari\\PycharmProjects\\ParaBank_Testing\\Page_Pom\\Positive_POM\\account_overview.py\", line 16, in account_overview\n    return safe_get_text(self.driver,Locators.tittle_compare)\n           ^^^^^^^^^^^^^^^^^^^^^^^^^^^^^^^^^^^^^^^^^^^^^^^^^^\n  File \"C:\\Users\\Sachin Kumar Tiwari\\PycharmProjects\\ParaBank_Testing\\Utils\\selenium_helpers.py\", line 51, in safe_get_text\n    return WebDriverWait(driver, timeout).until(\n           ^^^^^^^^^^^^^^^^^^^^^^^^^^^^^^^^^^^^^\n  File \"C:\\Users\\Sachin Kumar Tiwari\\AppData\\Local\\Programs\\Python\\Python312\\Lib\\site-packages\\selenium\\webdriver\\support\\wait.py\", line 105, in until\n    raise TimeoutException(message, screen, stacktrace)\n"}, "start": 1759990362818, "stop": 1759990393200}], "attachments": [{"name": "screenshot_on_failure", "source": "8be41ef6-100c-4bd8-b6ce-baf90581a414-attachment.png", "type": "image/png"}], "start": 1759990358880, "stop": 1759990393267, "uuid": "e27b8513-fa9b-4b53-a40b-68d0fd09c358", "historyId": "ebfafb790ed6ac94d0d797514c025001", "testCaseId": "ebfafb790ed6ac94d0d797514c025001", "fullName": "Tests.Positive_Testing.test_account_overview#test_account_over_view", "labels": [{"name": "tag", "value": "smoke"}, {"name": "parentSuite", "value": "Tests.Positive_Testing"}, {"name": "suite", "value": "test_account_overview"}, {"name": "host", "value": "MSI"}, {"name": "thread", "value": "31592-MainThread"}, {"name": "framework", "value": "pytest"}, {"name": "language", "value": "cpython3"}, {"name": "package", "value": "Tests.Positive_Testing.test_account_overview"}], "titlePath": ["Tests", "Positive_Testing", "test_account_overview.py"]}