{"name": "test_Request_Highest_loan", "status": "failed", "statusDetails": {"message": "AssertionError: Expected 'Loan Request Processed\n  Loan Provider: Wealth Securities Dynamic Loans (WSDL)\n  Date: 09-22-2025\n  Status: Denied\n  We cannot grant a loan in that amount with your available funds.' but got ''\nassert 'Loan Request Processed\\nLoan Provider: Wealth Securities Dynamic Loans (WSDL)\\nDate: 09-22-2025\\nStatus: Denied\\nWe cannot grant a loan in that amount with your available funds.' in ''", "trace": "browserInstance = <selenium.webdriver.chrome.webdriver.WebDriver (session=\"d91452b8e76614dc775ebffeb4da0630\")>\n\n    @pytest.mark.smoke\n    def test_Request_Highest_loan(browserInstance):\n        driver = browserInstance\n        browserInstance.get(\"https://parabank.parasoft.com/parabank/index.htm\")\n        browserInstance.maximize_window()\n    \n        login_user = Login_user(browserInstance)\n        login_user.enter_login_name(user_data[\"user_name_1\"])\n        login_user.enter_login_password(user_data[\"user_confirm_password\"])\n        login_user.click_on_submit_button()\n    \n        loan_request = Request_Highest_Loan(browserInstance)\n        loan_request.click_on_request_loan()\n        loan_request.enter_loan_amount(user_data[\"high_amount_loan\"])\n        loan_request.down_payment(user_data[\"down_payment\"])\n        loan_request.select_account()\n        loan_request.click_button_on_request()\n        Message = loan_request.loan_request_proceed()\n        today_date = datetime.now().strftime(\"%m-%d-%Y\")\n        print(today_date)\n        print(Message)\n    \n    \n        display_message = (\n            f\"Loan Request Processed\\n\"\n            f\"Loan Provider: Wealth Securities Dynamic Loans (WSDL)\\n\"\n            f\"Date: {today_date}\\n\"\n            f\"Status: Denied\\n\"\n            \"We cannot grant a loan in that amount with your available funds.\"\n        )\n    \n>       assert display_message in Message, f\"Expected '{display_message}' but got '{Message}'\"\nE       AssertionError: Expected 'Loan Request Processed\nE         Loan Provider: Wealth Securities Dynamic Loans (WSDL)\nE         Date: 09-22-2025\nE         Status: Denied\nE         We cannot grant a loan in that amount with your available funds.' but got ''\nE       assert 'Loan Request Processed\\nLoan Provider: Wealth Securities Dynamic Loans (WSDL)\\nDate: 09-22-2025\\nStatus: Denied\\nWe cannot grant a loan in that amount with your available funds.' in ''\n\nTests\\Negative_Testing\\test_Request_loan_with_high_amount.py:45: AssertionError"}, "steps": [{"name": "Enter user name:'Sachin121111@' ", "status": "passed", "parameters": [{"name": "user_name_1", "value": "'Sachin121111@'"}], "start": 1758526677149, "stop": 1758526677243}, {"name": "Enter user confirmed password :'Sachin306@' ", "status": "passed", "parameters": [{"name": "user_confirm_password", "value": "'Sachin306@'"}], "start": 1758526677244, "stop": 1758526677325}, {"name": "Click on submit button ", "status": "passed", "start": 1758526677325, "stop": 1758526677457}, {"name": "Click on request loan : ", "status": "passed", "start": 1758526677457, "stop": 1758526679716}, {"name": "Enter the Loan amount: '1000000'", "status": "passed", "parameters": [{"name": "loan_amount", "value": "'1000000'"}], "start": 1758526679716, "stop": 1758526679806}, {"name": "Enter the down_payment :'12'", "status": "passed", "parameters": [{"name": "down_payment", "value": "'12'"}], "start": 1758526679806, "stop": 1758526679885}, {"name": "Select the bank account :", "status": "passed", "parameters": [{"name": "SELECTED", "value": "None"}], "start": 1758526679885, "stop": 1758526679956}, {"name": "Click on apply loan : ", "status": "passed", "start": 1758526679956, "stop": 1758526680110}, {"name": " Loan Request Processed ", "status": "passed", "start": 1758526680110, "stop": 1758526680157}], "attachments": [{"name": "screenshot_on_failure", "source": "1195ae73-18ed-491e-a299-8af18a8b51cc-attachment.png", "type": "image/png"}, {"name": "stdout", "source": "01f6a36a-b239-4c8b-865d-83faccbe69a9-attachment.txt", "type": "text/plain"}], "start": 1758526674604, "stop": 1758526680158, "uuid": "4d6dcfe1-d93f-451d-aeac-65f836a06c4c", "historyId": "b2ad7d8ef665d11307467ab21cdebf1d", "testCaseId": "b2ad7d8ef665d11307467ab21cdebf1d", "fullName": "Tests.Negative_Testing.test_Request_loan_with_high_amount#test_Request_Highest_loan", "labels": [{"name": "tag", "value": "smoke"}, {"name": "parentSuite", "value": "Tests.Negative_Testing"}, {"name": "suite", "value": "test_Request_loan_with_high_amount"}, {"name": "host", "value": "MSI"}, {"name": "thread", "value": "19720-MainThread"}, {"name": "framework", "value": "pytest"}, {"name": "language", "value": "cpython3"}, {"name": "package", "value": "Tests.Negative_Testing.test_Request_loan_with_high_amount"}], "titlePath": ["Tests", "Negative_Testing", "test_Request_loan_with_high_amount.py"]}