{"name": "test_register_user", "status": "broken", "statusDetails": {"message": "selenium.common.exceptions.TimeoutException: Message: \nStacktrace:\n\tGetHandleVerifier [0x0x7ff7bf4a30f5+79493]\n\tGetHandleVerifier [0x0x7ff7bf4a3150+79584]\n\t(No symbol) [0x0x7ff7bf2201ba]\n\t(No symbol) [0x0x7ff7bf278067]\n\t(No symbol) [0x0x7ff7bf27832c]\n\t(No symbol) [0x0x7ff7bf2cbe27]\n\t(No symbol) [0x0x7ff7bf2a074f]\n\t(No symbol) [0x0x7ff7bf2c8b8b]\n\t(No symbol) [0x0x7ff7bf2a04e3]\n\t(No symbol) [0x0x7ff7bf268e92]\n\t(No symbol) [0x0x7ff7bf269c63]\n\tGetHandleVerifier [0x0x7ff7bf760dbd+2954061]\n\tGetHandleVerifier [0x0x7ff7bf75b02a+2930106]\n\tGetHandleVerifier [0x0x7ff7bf77b357+3061991]\n\tGetHandleVerifier [0x0x7ff7bf4bd60e+187294]\n\tGetHandleVerifier [0x0x7ff7bf4c557f+219919]\n\tGetHandleVerifier [0x0x7ff7bf4ac294+116772]\n\tGetHandleVerifier [0x0x7ff7bf4ac449+117209]\n\tGetHandleVerifier [0x0x7ff7bf492618+11176]\n\tBaseThreadInitThunk [0x0x7ffe6635e8d7+23]\n\tRtlUserThreadStart [0x0x7ffe67b48d9c+44]", "trace": "browserInstance = <selenium.webdriver.chrome.webdriver.WebDriver (session=\"8c4aed444ffbd56aa22f58961384311f\")>\n\n    @pytest.mark.smoke\n    def test_register_user(browserInstance):\n        driver = browserInstance\n        driver.get(\"https://parabank.parasoft.com/parabank/index.htm\")\n        browserInstance.maximize_window()\n        login_with_existing_user = existing_user(browserInstance)\n    \n        login_with_existing_user.click_on_register_page()\n        login_with_existing_user.first_name(user_data[\"user_first_name\"])\n        login_with_existing_user.last_name(user_data[\"user_second_name\"])\n        login_with_existing_user.address(user_data[\"user_address\"])\n        login_with_existing_user.city(user_data[\"user_city\"])\n        login_with_existing_user.state(user_data[\"user_state\"])\n        login_with_existing_user.zip_code(user_data[\"user_zip_code\"])\n        login_with_existing_user.phone(user_data[\"user_phone_no\"])\n        login_with_existing_user.ssn(user_data[\"user_ssn\"])\n        login_with_existing_user.user_name(user_data[\"user_name_1\"])\n        login_with_existing_user.password(user_data[\"user_password\"])\n        login_with_existing_user.confirm_password(user_data[\"user_confirm_password\"])\n        time.sleep(1)\n        login_with_existing_user.click_register()\n        time.sleep(4)\n        Existing_error_message = f\"This username already exists.\"\n    \n        # Assertion\n>       existing_welcome_error_message = login_with_existing_user.existing_error_message()\n\nTests\\Negative_Testing\\test_register_with_existing_user.py:40: \n_ _ _ _ _ _ _ _ _ _ _ _ _ _ _ _ _ _ _ _ _ _ _ _ _ _ _ _ _ _ _ _ _ _ _ _ _ _ _ _ _ _ _ _ _ _ _ _ _ _ _ _ _ _ _ _ _ _ _ _ _ _ _ _ _ _ _ _ _ _ _ _ _ _ _ _ _ _ _ _ _ _ _ _ _ _ _ _ _ _ _ _ _ _ \nPage_Pom\\Negative_POM\\register_with_existing_user.py:63: in existing_error_message\n    safe_get_text(self.driver,Locators.existing_user_error)\nUtils\\selenium_helpers.py:47: in safe_get_text\n    return WebDriverWait(driver, timeout).until(\n_ _ _ _ _ _ _ _ _ _ _ _ _ _ _ _ _ _ _ _ _ _ _ _ _ _ _ _ _ _ _ _ _ _ _ _ _ _ _ _ _ _ _ _ _ _ _ _ _ _ _ _ _ _ _ _ _ _ _ _ _ _ _ _ _ _ _ _ _ _ _ _ _ _ _ _ _ _ _ _ _ _ _ _ _ _ _ _ _ _ _ _ _ _ \n\nself = <selenium.webdriver.support.wait.WebDriverWait (session=\"8c4aed444ffbd56aa22f58961384311f\")>\nmethod = <function presence_of_element_located.<locals>._predicate at 0x0000026F7E75F100>, message = ''\n\n    def until(self, method: Callable[[D], Union[Literal[False], T]], message: str = \"\") -> T:\n        \"\"\"Calls the method provided with the driver as an argument until the \\\n        return value does not evaluate to ``False``.\n    \n        :param method: callable(WebDriver)\n        :param message: optional message for :exc:`TimeoutException`\n        :returns: the result of the last call to `method`\n        :raises: :exc:`selenium.common.exceptions.TimeoutException` if timeout occurs\n        \"\"\"\n        screen = None\n        stacktrace = None\n    \n        end_time = time.monotonic() + self._timeout\n        while True:\n            try:\n                value = method(self._driver)\n                if value:\n                    return value\n            except self._ignored_exceptions as exc:\n                screen = getattr(exc, \"screen\", None)\n                stacktrace = getattr(exc, \"stacktrace\", None)\n            time.sleep(self._poll)\n            if time.monotonic() > end_time:\n                break\n>       raise TimeoutException(message, screen, stacktrace)\nE       selenium.common.exceptions.TimeoutException: Message: \nE       Stacktrace:\nE       \tGetHandleVerifier [0x0x7ff7bf4a30f5+79493]\nE       \tGetHandleVerifier [0x0x7ff7bf4a3150+79584]\nE       \t(No symbol) [0x0x7ff7bf2201ba]\nE       \t(No symbol) [0x0x7ff7bf278067]\nE       \t(No symbol) [0x0x7ff7bf27832c]\nE       \t(No symbol) [0x0x7ff7bf2cbe27]\nE       \t(No symbol) [0x0x7ff7bf2a074f]\nE       \t(No symbol) [0x0x7ff7bf2c8b8b]\nE       \t(No symbol) [0x0x7ff7bf2a04e3]\nE       \t(No symbol) [0x0x7ff7bf268e92]\nE       \t(No symbol) [0x0x7ff7bf269c63]\nE       \tGetHandleVerifier [0x0x7ff7bf760dbd+2954061]\nE       \tGetHandleVerifier [0x0x7ff7bf75b02a+2930106]\nE       \tGetHandleVerifier [0x0x7ff7bf77b357+3061991]\nE       \tGetHandleVerifier [0x0x7ff7bf4bd60e+187294]\nE       \tGetHandleVerifier [0x0x7ff7bf4c557f+219919]\nE       \tGetHandleVerifier [0x0x7ff7bf4ac294+116772]\nE       \tGetHandleVerifier [0x0x7ff7bf4ac449+117209]\nE       \tGetHandleVerifier [0x0x7ff7bf492618+11176]\nE       \tBaseThreadInitThunk [0x0x7ffe6635e8d7+23]\nE       \tRtlUserThreadStart [0x0x7ffe67b48d9c+44]\n\n..\\..\\AppData\\Local\\Programs\\Python\\Python312\\Lib\\site-packages\\selenium\\webdriver\\support\\wait.py:105: TimeoutException"}, "steps": [{"name": "Click on register page ", "status": "passed", "start": 1758286426179, "stop": 1758286428467}, {"name": "Enter exiting user first name :'Sachin Kumar'", "status": "passed", "parameters": [{"name": "user_first_name", "value": "'Sachin Kumar'"}], "start": 1758286428468, "stop": 1758286428547}, {"name": "Enter exiting user last name :'Tiwari'", "status": "passed", "parameters": [{"name": "user_last_name", "value": "'Tiwari'"}], "start": 1758286428548, "stop": 1758286428595}, {"name": "Enter exiting user address: 'Janta Bazar'", "status": "passed", "parameters": [{"name": "user_address", "value": "'Janta Bazar'"}], "start": 1758286428595, "stop": 1758286428631}, {"name": "Enter exiting user city: 'Chapra'", "status": "passed", "parameters": [{"name": "user_city", "value": "'Chapra'"}], "start": 1758286428631, "stop": 1758286428670}, {"name": "Enter exiting user state: 'Bihar'", "status": "passed", "parameters": [{"name": "user_state", "value": "'Bihar'"}], "start": 1758286428670, "stop": 1758286428767}, {"name": "Enter exiting user zipcode : '841224'", "status": "passed", "parameters": [{"name": "user_zip_code", "value": "'841224'"}], "start": 1758286428767, "stop": 1758286428799}, {"name": "Enter exiting user phone number: '7903809668'", "status": "passed", "parameters": [{"name": "user_phone_no", "value": "'7903809668'"}], "start": 1758286428799, "stop": 1758286428833}, {"name": "Enter exiting user SSN : '123-45-6789'", "status": "passed", "parameters": [{"name": "user_ssn", "value": "'123-45-6789'"}], "start": 1758286428833, "stop": 1758286428868}, {"name": "Enter exiting existing user name: 'Sachin121111@'", "status": "passed", "parameters": [{"name": "user_name", "value": "'Sachin121111@'"}], "start": 1758286428868, "stop": 1758286428905}, {"name": "Enter exiting user password: 'Sachin306@'", "status": "passed", "parameters": [{"name": "user_password", "value": "'Sachin306@'"}], "start": 1758286428905, "stop": 1758286428938}, {"name": "Enter exiting user confirm password: 'Sachin306@'", "status": "passed", "parameters": [{"name": "user_confirm_password", "value": "'Sachin306@'"}], "start": 1758286428939, "stop": 1758286428968}, {"name": "Click on register button", "status": "passed", "start": 1758286429969, "stop": 1758286431715}, {"name": "Message showed after registration ", "status": "broken", "statusDetails": {"message": "selenium.common.exceptions.TimeoutException: Message: \nStacktrace:\n\tGetHandleVerifier [0x0x7ff7bf4a30f5+79493]\n\tGetHandleVerifier [0x0x7ff7bf4a3150+79584]\n\t(No symbol) [0x0x7ff7bf2201ba]\n\t(No symbol) [0x0x7ff7bf278067]\n\t(No symbol) [0x0x7ff7bf27832c]\n\t(No symbol) [0x0x7ff7bf2cbe27]\n\t(No symbol) [0x0x7ff7bf2a074f]\n\t(No symbol) [0x0x7ff7bf2c8b8b]\n\t(No symbol) [0x0x7ff7bf2a04e3]\n\t(No symbol) [0x0x7ff7bf268e92]\n\t(No symbol) [0x0x7ff7bf269c63]\n\tGetHandleVerifier [0x0x7ff7bf760dbd+2954061]\n\tGetHandleVerifier [0x0x7ff7bf75b02a+2930106]\n\tGetHandleVerifier [0x0x7ff7bf77b357+3061991]\n\tGetHandleVerifier [0x0x7ff7bf4bd60e+187294]\n\tGetHandleVerifier [0x0x7ff7bf4c557f+219919]\n\tGetHandleVerifier [0x0x7ff7bf4ac294+116772]\n\tGetHandleVerifier [0x0x7ff7bf4ac449+117209]\n\tGetHandleVerifier [0x0x7ff7bf492618+11176]\n\tBaseThreadInitThunk [0x0x7ffe6635e8d7+23]\n\tRtlUserThreadStart [0x0x7ffe67b48d9c+44]\n\n", "trace": "  File \"C:\\Users\\Sachin Kumar Tiwari\\AppData\\Local\\Programs\\Python\\Python312\\Lib\\site-packages\\allure_commons\\_allure.py\", line 202, in impl\n    return func(*a, **kw)\n           ^^^^^^^^^^^^^^\n  File \"C:\\Users\\Sachin Kumar Tiwari\\PycharmProjects\\ParaBank_Testing\\Page_Pom\\Negative_POM\\register_with_existing_user.py\", line 63, in existing_error_message\n    safe_get_text(self.driver,Locators.existing_user_error)\n  File \"C:\\Users\\Sachin Kumar Tiwari\\PycharmProjects\\ParaBank_Testing\\Utils\\selenium_helpers.py\", line 47, in safe_get_text\n    return WebDriverWait(driver, timeout).until(\n           ^^^^^^^^^^^^^^^^^^^^^^^^^^^^^^^^^^^^^\n  File \"C:\\Users\\Sachin Kumar Tiwari\\AppData\\Local\\Programs\\Python\\Python312\\Lib\\site-packages\\selenium\\webdriver\\support\\wait.py\", line 105, in until\n    raise TimeoutException(message, screen, stacktrace)\n"}, "start": 1758286435716, "stop": 1758286469121}], "attachments": [{"name": "screenshot_on_failure", "source": "f4b5f76d-dd93-4293-a98c-773181ce1b70-attachment.png", "type": "image/png"}], "start": 1758286412388, "stop": 1758286469130, "uuid": "2fb35b6c-4bf7-4cee-8cdc-7af503c828f4", "historyId": "c4d4ba98265a372b6e320de42da078d9", "testCaseId": "c4d4ba98265a372b6e320de42da078d9", "fullName": "Tests.Negative_Testing.test_register_with_existing_user#test_register_user", "labels": [{"name": "tag", "value": "smoke"}, {"name": "parentSuite", "value": "Tests.Negative_Testing"}, {"name": "suite", "value": "test_register_with_existing_user"}, {"name": "host", "value": "MSI"}, {"name": "thread", "value": "20200-MainThread"}, {"name": "framework", "value": "pytest"}, {"name": "language", "value": "cpython3"}, {"name": "package", "value": "Tests.Negative_Testing.test_register_with_existing_user"}], "titlePath": ["Tests", "Negative_Testing", "test_register_with_existing_user.py"]}