{"name": "test_Request_Highest_loan", "status": "failed", "statusDetails": {"message": "AssertionError: Expected '' but got: 'We cannot grant a loan in that amount with your available funds.'\nassert '' == 'We cannot gr...ilable funds.'\n  \n  - We cannot grant a loan in that amount with your available funds.", "trace": "browserInstance = <selenium.webdriver.chrome.webdriver.WebDriver (session=\"e08570524e73bdc68fa11e5a8697d743\")>\n\n    @pytest.mark.smoke\n    def test_Request_Highest_loan(browserInstance):\n        driver = browserInstance\n        browserInstance.get(\"https://parabank.parasoft.com/parabank/index.htm\")\n        browserInstance.maximize_window()\n    \n        login_user = Login_user(browserInstance)\n        login_user.enter_login_name(user_data[\"user_name_1\"])\n        login_user.enter_login_password(user_data[\"user_confirm_password\"])\n        login_user.click_on_submit_button()\n    \n        loan_request = Request_Highest_Loan(browserInstance)\n        loan_request.click_on_request_loan()\n        loan_request.enter_loan_amount(user_data[\"high_amount_loan\"])\n        loan_request.down_payment(user_data[\"down_payment\"])\n        loan_request.select_account()\n        loan_request.click_button_on_request()\n        first_Message = loan_request.loan_request_proceed()\n        second_message = loan_request.loan_provider()\n        third_message = loan_request.loan_date()\n        fourth_message = loan_request.loan_status()\n        fifth_message = loan_request.loan_error()\n        display_message = \"We cannot grant a loan in that amount with your available funds.\"\n    \n>       assert fifth_message.strip() == display_message.strip(), \\\n            f\"Expected '{fifth_message}' but got: '{display_message}'\"\nE       AssertionError: Expected '' but got: 'We cannot grant a loan in that amount with your available funds.'\nE       assert '' == 'We cannot gr...ilable funds.'\nE         \nE         - We cannot grant a loan in that amount with your available funds.\n\nTests\\Negative_Testing\\test_Request_loan_with_high_amount.py:38: AssertionError"}, "steps": [{"name": "Enter user name:'Sachin121111@' ", "status": "passed", "parameters": [{"name": "user_name_1", "value": "'Sachin121111@'"}], "start": 1758529207887, "stop": 1758529207940}, {"name": "Enter user confirmed password :'Sachin306@' ", "status": "passed", "parameters": [{"name": "user_confirm_password", "value": "'Sachin306@'"}], "start": 1758529207940, "stop": 1758529207985}, {"name": "Click on submit button ", "status": "passed", "start": 1758529207985, "stop": 1758529209734}, {"name": "Click on request loan : ", "status": "passed", "start": 1758529209735, "stop": 1758529210318}, {"name": "Enter the Loan amount: '1000000'", "status": "passed", "parameters": [{"name": "loan_amount", "value": "'1000000'"}], "start": 1758529210318, "stop": 1758529210411}, {"name": "Enter the down_payment :'12'", "status": "passed", "parameters": [{"name": "down_payment", "value": "'12'"}], "start": 1758529210411, "stop": 1758529210457}, {"name": "Select the bank account :", "status": "passed", "parameters": [{"name": "SELECTED", "value": "None"}], "start": 1758529210458, "stop": 1758529210496}, {"name": "Click on apply loan : ", "status": "passed", "start": 1758529210496, "stop": 1758529210547}, {"name": " Loan Request Processed ", "status": "passed", "start": 1758529210547, "stop": 1758529210559}, {"name": " Loan Provider ", "status": "passed", "start": 1758529210559, "stop": 1758529210581}, {"name": " Loan Date ", "status": "passed", "start": 1758529210581, "stop": 1758529210593}, {"name": " Loan Status ", "status": "passed", "start": 1758529210593, "stop": 1758529210605}, {"name": " Loan Error ", "status": "passed", "start": 1758529210605, "stop": 1758529210616}], "attachments": [{"name": "screenshot_on_failure", "source": "4bdb4188-1663-4395-8112-575dbf0827f7-attachment.png", "type": "image/png"}], "start": 1758529200557, "stop": 1758529210617, "uuid": "270b20ef-46fc-4b38-9553-dc14d8c8ecab", "historyId": "b2ad7d8ef665d11307467ab21cdebf1d", "testCaseId": "b2ad7d8ef665d11307467ab21cdebf1d", "fullName": "Tests.Negative_Testing.test_Request_loan_with_high_amount#test_Request_Highest_loan", "labels": [{"name": "tag", "value": "smoke"}, {"name": "parentSuite", "value": "Tests.Negative_Testing"}, {"name": "suite", "value": "test_Request_loan_with_high_amount"}, {"name": "host", "value": "MSI"}, {"name": "thread", "value": "21564-MainThread"}, {"name": "framework", "value": "pytest"}, {"name": "language", "value": "cpython3"}, {"name": "package", "value": "Tests.Negative_Testing.test_Request_loan_with_high_amount"}], "titlePath": ["Tests", "Negative_Testing", "test_Request_loan_with_high_amount.py"]}